<?xml version="1.0" encoding="UTF-8"?>
<!-- Generated by org.testng.reporters.JUnitReportReporter -->
<testsuite hostname="suryans" failures="0" tests="1" name="com.GIC.testcase.login.GIC_Login03Test" time="2.618" errors="0" timestamp="2024-09-11T01:56:16 IST" skipped="0">
  <testcase classname="com.GIC.testcase.login.GIC_Login03Test" name="Verify_That_If_User_Enter_Invalid_Username_We_Should_Get_Proper_Error_Message" time="2.618"/>
  <system-out>
    <![CDATA[LoginPage is displayed
Message is displayed and matched]]>
  </system-out>
</testsuite> <!-- com.GIC.testcase.login.GIC_Login03Test -->
