<?xml version="1.0" encoding="UTF-8"?>
<!-- Generated by org.testng.reporters.JUnitReportReporter -->
<testsuite hostname="suryans" failures="0" tests="1" name="com.GIC.testcase.registration.GIC_Register01Test" time="1.968" errors="0" timestamp="2024-09-11T01:56:16 IST" skipped="0">
  <testcase classname="com.GIC.testcase.registration.GIC_Register01Test" name="Verify_User_Can_Able_To_Register" time="1.968"/>
  <system-out>
    <![CDATA[Signup page is displayed]]>
  </system-out>
</testsuite> <!-- com.GIC.testcase.registration.GIC_Register01Test -->
