<?xml version="1.0" encoding="UTF-8"?>
<!-- Generated by org.testng.reporters.JUnitReportReporter -->
<testsuite hostname="suryans" failures="0" tests="1" name="com.GIC.testcase.login.GIC_Login01Test" time="2.473" errors="0" timestamp="2024-09-11T01:56:16 IST" skipped="0">
  <testcase classname="com.GIC.testcase.login.GIC_Login01Test" name="Verify_User_can_Able_To_Login_With_Valid_Credentials" time="2.473"/>
  <system-out>
    <![CDATA[LoginPage is displayed]]>
  </system-out>
</testsuite> <!-- com.GIC.testcase.login.GIC_Login01Test -->
