<?xml version="1.0" encoding="UTF-8"?>
<!-- Generated by org.testng.reporters.JUnitReportReporter -->
<testsuite hostname="suryans" failures="0" tests="1" name="com.GIC.testcase.login.GIC_Login04Test" time="0.574" errors="0" timestamp="2024-09-11T01:56:16 IST" skipped="0">
  <testcase classname="com.GIC.testcase.login.GIC_Login04Test" name="Verify_That_If_User_Is_Not_Entering_Any_Data_In_Username_And_Password_Textfield_And_Click_On_Login__We_Should_Get_Proper_Error_Message" time="0.574"/>
  <system-out>
    <![CDATA[LoginPage is displayed
Error Message is displayed and Matched]]>
  </system-out>
</testsuite> <!-- com.GIC.testcase.login.GIC_Login04Test -->
