<?xml version="1.0" encoding="UTF-8"?>
<!-- Generated by org.testng.reporters.JUnitReportReporter -->
<testsuite hostname="suryans" failures="0" tests="1" name="com.GIC.testcase.registration.GIC_Register01Test" time="8.505" errors="0" timestamp="2024-09-09T18:58:41 IST" skipped="0">
  <testcase classname="com.GIC.testcase.registration.GIC_Register01Test" name="Verify_User_Can_Able_To_Register" time="8.505">
    <system-out>
      <![CDATA[Signup page is displayed]]>
    </system-out>
  </testcase> <!-- Verify_User_Can_Able_To_Register -->
  <system-out>
    <![CDATA[Signup page is displayed]]>
  </system-out>
</testsuite> <!-- com.GIC.testcase.registration.GIC_Register01Test -->
